CRITICAL - 2026-01-07 10:04:53 --> CodeIgniter\Exceptions\FrameworkException: The framework needs the following extension(s) installed and loaded: intl.
in SYSTEMPATH\CodeIgniter.php on line 252.
 1 SYSTEMPATH\CodeIgniter.php(252): CodeIgniter\Exceptions\FrameworkException::forMissingExtension('intl')
 2 SYSTEMPATH\CodeIgniter.php(214): CodeIgniter\CodeIgniter->resolvePlatformExtensions()
 3 FCPATH\index.php(79): CodeIgniter\CodeIgniter->initialize()
 4 ROOTPATH\index.php(2): require('C:\\xampp\\htdocs\\study-leave-web\\public\\index.php')
CRITICAL - 2026-01-07 10:04:53 --> ErrorException: Uncaught Error: Class "Locale" not found in C:\xampp\htdocs\study-leave-web\system\I18n\TimeTrait.php:74
Stack trace:
#0 C:\xampp\htdocs\study-leave-web\system\I18n\TimeTrait.php(115): CodeIgniter\I18n\Time->__construct(NULL, NULL, NULL)
#1 C:\xampp\htdocs\study-leave-web\system\HTTP\ResponseTrait.php(468): CodeIgniter\I18n\Time::now()
#2 C:\xampp\htdocs\study-leave-web\system\HTTP\ResponseTrait.php(446): CodeIgniter\HTTP\Response->sendHeaders()
#3 C:\xampp\htdocs\study-leave-web\system\Debug\ExceptionHandler.php(81): CodeIgniter\HTTP\Response->send()
#4 C:\xampp\htdocs\study-leave-web\system\Debug\Exceptions.php(156): CodeIgniter\Debug\ExceptionHandler->handle(Object(CodeIgniter\Exceptions\FrameworkException), Object(CodeIgniter\HTTP\IncomingRequest), Object(CodeIgniter\HTTP\Response), 500, 1)
#5 [internal function]: CodeIgniter\Debug\Exceptions->exceptionHandler(Object(CodeIgniter\Exceptions\FrameworkException))
#6 {main}
  thrown
【Previous Exception】
CodeIgniter\Exceptions\FrameworkException
The framework needs the following extension(s) installed and loaded: intl.
#0 C:\xampp\htdocs\study-leave-web\system\CodeIgniter.php(252): CodeIgniter\Exceptions\FrameworkException::forMissingExtension('intl')
#1 C:\xampp\htdocs\study-leave-web\system\CodeIgniter.php(214): CodeIgniter\CodeIgniter->resolvePlatformExtensions()
#2 C:\xampp\htdocs\study-leave-web\public\index.php(79): CodeIgniter\CodeIgniter->initialize()
#3 C:\xampp\htdocs\study-leave-web\index.php(2): require('C:\\xampp\\htdocs...')
#4 {main}
in SYSTEMPATH\I18n\TimeTrait.php on line 74.
 1 [internal function]: CodeIgniter\Debug\Exceptions->shutdownHandler()
CRITICAL - 2026-01-07 10:05:15 --> CodeIgniter\Exceptions\FrameworkException: The framework needs the following extension(s) installed and loaded: intl.
in SYSTEMPATH\CodeIgniter.php on line 252.
 1 SYSTEMPATH\CodeIgniter.php(252): CodeIgniter\Exceptions\FrameworkException::forMissingExtension('intl')
 2 SYSTEMPATH\CodeIgniter.php(214): CodeIgniter\CodeIgniter->resolvePlatformExtensions()
 3 FCPATH\index.php(79): CodeIgniter\CodeIgniter->initialize()
 4 ROOTPATH\index.php(2): require('C:\\xampp\\htdocs\\study-leave-web\\public\\index.php')
CRITICAL - 2026-01-07 10:05:15 --> ErrorException: Uncaught Error: Class "Locale" not found in C:\xampp\htdocs\study-leave-web\system\I18n\TimeTrait.php:74
Stack trace:
#0 C:\xampp\htdocs\study-leave-web\system\I18n\TimeTrait.php(115): CodeIgniter\I18n\Time->__construct(NULL, NULL, NULL)
#1 C:\xampp\htdocs\study-leave-web\system\HTTP\ResponseTrait.php(468): CodeIgniter\I18n\Time::now()
#2 C:\xampp\htdocs\study-leave-web\system\HTTP\ResponseTrait.php(446): CodeIgniter\HTTP\Response->sendHeaders()
#3 C:\xampp\htdocs\study-leave-web\system\Debug\ExceptionHandler.php(81): CodeIgniter\HTTP\Response->send()
#4 C:\xampp\htdocs\study-leave-web\system\Debug\Exceptions.php(156): CodeIgniter\Debug\ExceptionHandler->handle(Object(CodeIgniter\Exceptions\FrameworkException), Object(CodeIgniter\HTTP\IncomingRequest), Object(CodeIgniter\HTTP\Response), 500, 1)
#5 [internal function]: CodeIgniter\Debug\Exceptions->exceptionHandler(Object(CodeIgniter\Exceptions\FrameworkException))
#6 {main}
  thrown
【Previous Exception】
CodeIgniter\Exceptions\FrameworkException
The framework needs the following extension(s) installed and loaded: intl.
#0 C:\xampp\htdocs\study-leave-web\system\CodeIgniter.php(252): CodeIgniter\Exceptions\FrameworkException::forMissingExtension('intl')
#1 C:\xampp\htdocs\study-leave-web\system\CodeIgniter.php(214): CodeIgniter\CodeIgniter->resolvePlatformExtensions()
#2 C:\xampp\htdocs\study-leave-web\public\index.php(79): CodeIgniter\CodeIgniter->initialize()
#3 C:\xampp\htdocs\study-leave-web\index.php(2): require('C:\\xampp\\htdocs...')
#4 {main}
in SYSTEMPATH\I18n\TimeTrait.php on line 74.
 1 [internal function]: CodeIgniter\Debug\Exceptions->shutdownHandler()
CRITICAL - 2026-01-07 09:10:39 --> ErrorException: Constant expression contains invalid operations
in APPPATH\Config\Database.php on line 29.
 1 [internal function]: CodeIgniter\Debug\Exceptions->shutdownHandler()
CRITICAL - 2026-01-07 09:10:41 --> ErrorException: Constant expression contains invalid operations
in APPPATH\Config\Database.php on line 29.
 1 [internal function]: CodeIgniter\Debug\Exceptions->shutdownHandler()
CRITICAL - 2026-01-07 09:10:42 --> ErrorException: Constant expression contains invalid operations
in APPPATH\Config\Database.php on line 29.
 1 [internal function]: CodeIgniter\Debug\Exceptions->shutdownHandler()
CRITICAL - 2026-01-07 09:10:42 --> ErrorException: Constant expression contains invalid operations
in APPPATH\Config\Database.php on line 29.
 1 [internal function]: CodeIgniter\Debug\Exceptions->shutdownHandler()
CRITICAL - 2026-01-07 09:11:29 --> ErrorException: Constant expression contains invalid operations
in APPPATH\Config\Database.php on line 29.
 1 [internal function]: CodeIgniter\Debug\Exceptions->shutdownHandler()
CRITICAL - 2026-01-07 09:11:30 --> ErrorException: Constant expression contains invalid operations
in APPPATH\Config\Database.php on line 29.
 1 [internal function]: CodeIgniter\Debug\Exceptions->shutdownHandler()
CRITICAL - 2026-01-07 09:11:30 --> ErrorException: Constant expression contains invalid operations
in APPPATH\Config\Database.php on line 29.
 1 [internal function]: CodeIgniter\Debug\Exceptions->shutdownHandler()
CRITICAL - 2026-01-07 09:11:31 --> ErrorException: Constant expression contains invalid operations
in APPPATH\Config\Database.php on line 29.
 1 [internal function]: CodeIgniter\Debug\Exceptions->shutdownHandler()
CRITICAL - 2026-01-07 09:11:31 --> ErrorException: Constant expression contains invalid operations
in APPPATH\Config\Database.php on line 29.
 1 [internal function]: CodeIgniter\Debug\Exceptions->shutdownHandler()
CRITICAL - 2026-01-07 09:11:32 --> ErrorException: Constant expression contains invalid operations
in APPPATH\Config\Database.php on line 29.
 1 [internal function]: CodeIgniter\Debug\Exceptions->shutdownHandler()
CRITICAL - 2026-01-07 09:11:33 --> ErrorException: Constant expression contains invalid operations
in APPPATH\Config\Database.php on line 29.
 1 [internal function]: CodeIgniter\Debug\Exceptions->shutdownHandler()
CRITICAL - 2026-01-07 09:11:34 --> ErrorException: Constant expression contains invalid operations
in APPPATH\Config\Database.php on line 29.
 1 [internal function]: CodeIgniter\Debug\Exceptions->shutdownHandler()
CRITICAL - 2026-01-07 09:11:34 --> ErrorException: Constant expression contains invalid operations
in APPPATH\Config\Database.php on line 29.
 1 [internal function]: CodeIgniter\Debug\Exceptions->shutdownHandler()
CRITICAL - 2026-01-07 09:11:35 --> ErrorException: Constant expression contains invalid operations
in APPPATH\Config\Database.php on line 29.
 1 [internal function]: CodeIgniter\Debug\Exceptions->shutdownHandler()
CRITICAL - 2026-01-07 09:12:40 --> ErrorException: Constant expression contains invalid operations
in APPPATH\Config\Database.php on line 29.
 1 [internal function]: CodeIgniter\Debug\Exceptions->shutdownHandler()
