CRITICAL - 2026-01-08 00:26:14 --> ErrorException: Cannot modify header information - headers already sent by (output started at C:\xampp\htdocs\study-leave-web\app\Config\Events.php:33)
in SYSTEMPATH\Debug\Toolbar.php on line 450.
 1 [internal function]: CodeIgniter\Debug\Exceptions->errorHandler(2, 'Cannot modify header information - headers already sent by (output started at C:\\xampp\\htdocs\\study-leave-web\\app\\Config\\Events.php:33)', 'C:\\xampp\\htdocs\\study-leave-web\\system\\Debug\\Toolbar.php', 450)
 2 SYSTEMPATH\Debug\Toolbar.php(450): header('Content-Type: application/javascript')
 3 APPPATH\Config\Events.php(47): CodeIgniter\Debug\Toolbar->respond()
 4 SYSTEMPATH\Events\Events.php(154): CodeIgniter\Events\Events::Config\{closure}()
 5 SYSTEMPATH\CodeIgniter.php(442): CodeIgniter\Events\Events::trigger('pre_system')
 6 SYSTEMPATH\CodeIgniter.php(361): CodeIgniter\CodeIgniter->handleRequest(null, Object(Config\Cache), false)
 7 FCPATH\index.php(91): CodeIgniter\CodeIgniter->run()
 8 ROOTPATH\index.php(2): require('C:\\xampp\\htdocs\\study-leave-web\\public\\index.php')
CRITICAL - 2026-01-08 00:26:26 --> ErrorException: Cannot modify header information - headers already sent by (output started at C:\xampp\htdocs\study-leave-web\app\Config\Events.php:33)
in SYSTEMPATH\Debug\Toolbar.php on line 450.
 1 [internal function]: CodeIgniter\Debug\Exceptions->errorHandler(2, 'Cannot modify header information - headers already sent by (output started at C:\\xampp\\htdocs\\study-leave-web\\app\\Config\\Events.php:33)', 'C:\\xampp\\htdocs\\study-leave-web\\system\\Debug\\Toolbar.php', 450)
 2 SYSTEMPATH\Debug\Toolbar.php(450): header('Content-Type: application/javascript')
 3 APPPATH\Config\Events.php(47): CodeIgniter\Debug\Toolbar->respond()
 4 SYSTEMPATH\Events\Events.php(154): CodeIgniter\Events\Events::Config\{closure}()
 5 SYSTEMPATH\CodeIgniter.php(442): CodeIgniter\Events\Events::trigger('pre_system')
 6 SYSTEMPATH\CodeIgniter.php(361): CodeIgniter\CodeIgniter->handleRequest(null, Object(Config\Cache), false)
 7 FCPATH\index.php(91): CodeIgniter\CodeIgniter->run()
 8 ROOTPATH\index.php(2): require('C:\\xampp\\htdocs\\study-leave-web\\public\\index.php')
